<?xml version="1.0" encoding="UTF-8"?>
<!-- Generated by org.testng.reporters.JUnitReportReporter -->
<testsuite hostname="STS-CHNA-LP012" failures="0" tests="1" name="signadart.logout" time="13.411" errors="0" timestamp="2024-08-19T18:54:07 IST" skipped="0">
  <testcase classname="signadart.logout" name="logoutv1" time="13.411"/>
</testsuite> <!-- signadart.logout -->
