<?xml version="1.0" encoding="UTF-8"?>
<!-- Generated by org.testng.reporters.JUnitReportReporter -->
<testsuite hostname="STS-CHNA-LP012" failures="0" tests="1" name="signadart.login" time="17.627" errors="0" timestamp="2024-08-19T18:53:41 IST" skipped="0">
  <testcase classname="signadart.login" name="loginv1" time="17.627"/>
</testsuite> <!-- signadart.login -->
