<?xml version="1.0" encoding="UTF-8"?>
<!-- Generated by org.testng.reporters.JUnitReportReporter -->
<testsuite hostname="STS-CHNA-LP012" failures="0" tests="1" name="signadart.attendEvent" time="9.968" errors="0" timestamp="2024-08-19T18:55:41 IST" skipped="0">
  <testcase classname="signadart.attendEvent" name="openJoinPage" time="9.968"/>
</testsuite> <!-- signadart.attendEvent -->
